<?xml version="1.0" encoding="UTF-8"?>
<!-- Generated by org.testng.reporters.JUnitReportReporter -->
<testsuite hostname="LAPTOP-4IH3I224" failures="0" tests="11" name="MavenProj.MavenProject.groupsConcept2" time="0.028" errors="0" timestamp="28 Dec 2022 15:14:25 GMT" skipped="0">
  <testcase classname="MavenProj.MavenProject.groupsConcept2" name="method9" time="0.000"/>
  <testcase classname="MavenProj.MavenProject.groupsConcept2" name="method10" time="0.001"/>
  <testcase classname="MavenProj.MavenProject.groupsConcept2" name="method6" time="0.001"/>
  <testcase classname="MavenProj.MavenProject.groupsConcept2" name="method11" time="0.002"/>
  <testcase classname="MavenProj.MavenProject.groupsConcept2" name="method8" time="0.001"/>
  <testcase classname="MavenProj.MavenProject.groupsConcept2" name="method1" time="0.013"/>
  <testcase classname="MavenProj.MavenProject.groupsConcept2" name="method5" time="0.003"/>
  <testcase classname="MavenProj.MavenProject.groupsConcept2" name="method2" time="0.001"/>
  <testcase classname="MavenProj.MavenProject.groupsConcept2" name="method4" time="0.002"/>
  <testcase classname="MavenProj.MavenProject.groupsConcept2" name="method7" time="0.003"/>
  <testcase classname="MavenProj.MavenProject.groupsConcept2" name="method3" time="0.001"/>
</testsuite> <!-- MavenProj.MavenProject.groupsConcept2 -->
