<?xml version="1.0" encoding="UTF-8"?>
<!-- Generated by org.testng.reporters.JUnitReportReporter -->
<testsuite skipped="0" hostname="LAPTOP-4IH3I224" name="MavenProj.MavenProject.AppTest" tests="1" failures="0" timestamp="26 Dec 2022 02:03:01 GMT" time="0.004" errors="0">
  <testcase name="shouldAnswerWithTrue" time="0.004" classname="MavenProj.MavenProject.AppTest"/>
</testsuite> <!-- MavenProj.MavenProject.AppTest -->
